[main] INFO  com.Saviynt.Scripts.SaviyntLogin_Test  - **************************************************************
[main] INFO  com.Saviynt.Scripts.SaviyntLogin_Test  - $$$$$$$$     SaviyntLogin_Test Execution Started     $$$$$$$$
[main] INFO  com.Saviynt.Scripts.SaviyntLogin_Test  - **************************************************************
[main] INFO  com.Saviynt.Scripts.SaviyntLogin_Test  - App Url Navigated
[main] INFO  com.Saviynt.Scripts.SaviyntLogin_Test  - $$$$$$$$$$$      SaviyntLogin_Test Execution Completed       $$$$$$$$$$$$$
[main] INFO  com.Saviynt.Scripts.SaviyntLogin_Test  - ===============================================================
[main] INFO  com.Saviynt.Scripts.SaviyntLogin_Test  - **************************************************************
[main] INFO  com.Saviynt.Scripts.SaviyntLogin_Test  - $$$$$$$$     SaviyntLogin_Test Execution Started     $$$$$$$$
[main] INFO  com.Saviynt.Scripts.SaviyntLogin_Test  - **************************************************************
[main] INFO  com.Saviynt.Scripts.SaviyntLogin_Test  - App Url Navigated
[main] INFO  com.Saviynt.Scripts.SaviyntLogin_Test  - $$$$$$$$$$$      SaviyntLogin_Test Execution Completed       $$$$$$$$$$$$$
[main] INFO  com.Saviynt.Scripts.SaviyntLogin_Test  - ===============================================================
[main] INFO  com.Saviynt.Scripts.SaviyntLogin_Test  - **************************************************************
[main] INFO  com.Saviynt.Scripts.SaviyntLogin_Test  - $$$$$$$$     SaviyntLogin_Test Execution Started     $$$$$$$$
[main] INFO  com.Saviynt.Scripts.SaviyntLogin_Test  - **************************************************************
[main] INFO  com.Saviynt.Scripts.SaviyntLogin_Test  - App Url Navigated
[main] INFO  com.Saviynt.Scripts.SaviyntLogin_Test  - $$$$$$$$$$$      SaviyntLogin_Test Execution Completed       $$$$$$$$$$$$$
[main] INFO  com.Saviynt.Scripts.SaviyntLogin_Test  - ===============================================================
[main] INFO  com.Saviynt.Scripts.SaviyntLogin_Test  - **************************************************************
[main] INFO  com.Saviynt.Scripts.SaviyntLogin_Test  - $$$$$$$$     SaviyntLogin_Test Execution Started     $$$$$$$$
[main] INFO  com.Saviynt.Scripts.SaviyntLogin_Test  - **************************************************************
[main] INFO  com.Saviynt.Scripts.SaviyntLogin_Test  - App Url Navigated
[main] INFO  com.Saviynt.Scripts.SaviyntLogin_Test  - $$$$$$$$$$$      SaviyntLogin_Test Execution Completed       $$$$$$$$$$$$$
[main] INFO  com.Saviynt.Scripts.SaviyntLogin_Test  - ===============================================================
[main] INFO  com.Saviynt.Scripts.SaviyntLogin_Test  - **************************************************************
[main] INFO  com.Saviynt.Scripts.SaviyntLogin_Test  - $$$$$$$$     SaviyntLogin_Test Execution Started     $$$$$$$$
[main] INFO  com.Saviynt.Scripts.SaviyntLogin_Test  - **************************************************************
[main] INFO  com.Saviynt.Scripts.SaviyntLogin_Test  - App Url Navigated
[main] INFO  com.Saviynt.Scripts.SaviyntLogin_Test  - $$$$$$$$$$$      SaviyntLogin_Test Execution Completed       $$$$$$$$$$$$$
[main] INFO  com.Saviynt.Scripts.SaviyntLogin_Test  - ===============================================================
[main] INFO  com.Saviynt.Scripts.SaviyntLogin_Test  - **************************************************************
[main] INFO  com.Saviynt.Scripts.SaviyntLogin_Test  - $$$$$$$$     SaviyntLogin_Test Execution Started     $$$$$$$$
[main] INFO  com.Saviynt.Scripts.SaviyntLogin_Test  - **************************************************************
[main] INFO  com.Saviynt.Scripts.SaviyntLogin_Test  - App Url Navigated
[main] INFO  com.Saviynt.Scripts.SaviyntLogin_Test  - $$$$$$$$$$$      SaviyntLogin_Test Execution Completed       $$$$$$$$$$$$$
[main] INFO  com.Saviynt.Scripts.SaviyntLogin_Test  - ===============================================================
[main] INFO  com.Saviynt.Scripts.SaviyntLogin_Test  - **************************************************************
[main] INFO  com.Saviynt.Scripts.SaviyntLogin_Test  - $$$$$$$$     SaviyntLogin_Test Execution Started     $$$$$$$$
[main] INFO  com.Saviynt.Scripts.SaviyntLogin_Test  - **************************************************************
[main] INFO  com.Saviynt.Scripts.SaviyntLogin_Test  - App Url Navigated
[main] INFO  com.Saviynt.Scripts.SaviyntLogin_Test  - $$$$$$$$$$$      SaviyntLogin_Test Execution Completed       $$$$$$$$$$$$$
[main] INFO  com.Saviynt.Scripts.SaviyntLogin_Test  - ===============================================================
[main] INFO  com.Saviynt.Scripts.SaviyntLogin_Test  - **************************************************************
[main] INFO  com.Saviynt.Scripts.SaviyntLogin_Test  - $$$$$$$$     SaviyntLogin_Test Execution Started     $$$$$$$$
[main] INFO  com.Saviynt.Scripts.SaviyntLogin_Test  - **************************************************************
[main] INFO  com.Saviynt.Scripts.SaviyntLogin_Test  - App Url Navigated
[main] INFO  com.Saviynt.Scripts.SaviyntLogin_Test  - $$$$$$$$$$$      SaviyntLogin_Test Execution Completed       $$$$$$$$$$$$$
[main] INFO  com.Saviynt.Scripts.SaviyntLogin_Test  - ===============================================================
[main] INFO  com.Saviynt.Scripts.SaviyntLogin_Test  - **************************************************************
[main] INFO  com.Saviynt.Scripts.SaviyntLogin_Test  - $$$$$$$$     SaviyntLogin_Test Execution Started     $$$$$$$$
[main] INFO  com.Saviynt.Scripts.SaviyntLogin_Test  - **************************************************************
[main] INFO  com.Saviynt.Scripts.SaviyntLogin_Test  - App Url Navigated
[main] INFO  com.Saviynt.Scripts.SaviyntLogin_Test  - $$$$$$$$$$$      SaviyntLogin_Test Execution Completed       $$$$$$$$$$$$$
[main] INFO  com.Saviynt.Scripts.SaviyntLogin_Test  - ===============================================================
[main] INFO  com.Saviynt.Scripts.SaviyntLogin_Test  - **************************************************************
[main] INFO  com.Saviynt.Scripts.SaviyntLogin_Test  - $$$$$$$$     SaviyntLogin_Test Execution Started     $$$$$$$$
[main] INFO  com.Saviynt.Scripts.SaviyntLogin_Test  - **************************************************************
[main] INFO  com.Saviynt.Scripts.SaviyntLogin_Test  - App Url Navigated
[main] INFO  com.Saviynt.Scripts.SaviyntLogin_Test  - $$$$$$$$$$$      SaviyntLogin_Test Execution Completed       $$$$$$$$$$$$$
[main] INFO  com.Saviynt.Scripts.SaviyntLogin_Test  - ===============================================================
[main] INFO  com.Saviynt.Scripts.SaviyntLogin_Test  - **************************************************************
[main] INFO  com.Saviynt.Scripts.SaviyntLogin_Test  - $$$$$$$$     SaviyntLogin_Test Execution Started     $$$$$$$$
[main] INFO  com.Saviynt.Scripts.SaviyntLogin_Test  - **************************************************************
[main] INFO  com.Saviynt.Scripts.SaviyntLogin_Test  - App Url Navigated
[main] INFO  com.Saviynt.Scripts.SaviyntLogin_Test  - $$$$$$$$$$$      SaviyntLogin_Test Execution Completed       $$$$$$$$$$$$$
[main] INFO  com.Saviynt.Scripts.SaviyntLogin_Test  - ===============================================================
[main] INFO  com.Saviynt.Scripts.SaviyntLogin_Test  - **************************************************************
[main] INFO  com.Saviynt.Scripts.SaviyntLogin_Test  - $$$$$$$$     SaviyntLogin_Test Execution Started     $$$$$$$$
[main] INFO  com.Saviynt.Scripts.SaviyntLogin_Test  - **************************************************************
[main] INFO  com.Saviynt.Scripts.SaviyntLogin_Test  - App Url Navigated
[main] INFO  com.Saviynt.Scripts.SaviyntLogin_Test  - $$$$$$$$$$$      SaviyntLogin_Test Execution Completed       $$$$$$$$$$$$$
[main] INFO  com.Saviynt.Scripts.SaviyntLogin_Test  - ===============================================================
[main] INFO  com.Saviynt.Scripts.SaviyntLogin_Test  - **************************************************************
[main] INFO  com.Saviynt.Scripts.SaviyntLogin_Test  - $$$$$$$$     SaviyntLogin_Test Execution Started     $$$$$$$$
[main] INFO  com.Saviynt.Scripts.SaviyntLogin_Test  - **************************************************************
[main] INFO  com.Saviynt.Scripts.SaviyntLogin_Test  - App Url Navigated
[main] INFO  com.Saviynt.Scripts.SaviyntLogin_Test  - $$$$$$$$$$$      SaviyntLogin_Test Execution Completed       $$$$$$$$$$$$$
[main] INFO  com.Saviynt.Scripts.SaviyntLogin_Test  - ===============================================================
[main] INFO  com.Saviynt.Scripts.SaviyntLogin_Test  - **************************************************************
[main] INFO  com.Saviynt.Scripts.SaviyntLogin_Test  - $$$$$$$$     SaviyntLogin_Test Execution Started     $$$$$$$$
[main] INFO  com.Saviynt.Scripts.SaviyntLogin_Test  - **************************************************************
[main] INFO  com.Saviynt.Scripts.SaviyntLogin_Test  - App Url Navigated
[main] INFO  com.Saviynt.Scripts.SaviyntLogin_Test  - $$$$$$$$$$$      SaviyntLogin_Test Execution Completed       $$$$$$$$$$$$$
[main] INFO  com.Saviynt.Scripts.SaviyntLogin_Test  - ===============================================================
[main] INFO  com.Saviynt.Scripts.SaviyntLogin_Test  - **************************************************************
[main] INFO  com.Saviynt.Scripts.SaviyntLogin_Test  - $$$$$$$$     SaviyntLogin_Test Execution Started     $$$$$$$$
[main] INFO  com.Saviynt.Scripts.SaviyntLogin_Test  - **************************************************************
[main] INFO  com.Saviynt.Scripts.SaviyntLogin_Test  - App Url Navigated
[main] INFO  com.Saviynt.Scripts.SaviyntLogin_Test  - $$$$$$$$$$$      SaviyntLogin_Test Execution Completed       $$$$$$$$$$$$$
[main] INFO  com.Saviynt.Scripts.SaviyntLogin_Test  - ===============================================================
[main] INFO  com.Saviynt.Scripts.SaviyntLogin_Test  - **************************************************************
[main] INFO  com.Saviynt.Scripts.SaviyntLogin_Test  - $$$$$$$$     SaviyntLogin_Test Execution Started     $$$$$$$$
[main] INFO  com.Saviynt.Scripts.SaviyntLogin_Test  - **************************************************************
[main] INFO  com.Saviynt.Scripts.SaviyntLogin_Test  - App Url Navigated
[main] INFO  com.Saviynt.Scripts.SaviyntLogin_Test  - $$$$$$$$$$$      SaviyntLogin_Test Execution Completed       $$$$$$$$$$$$$
[main] INFO  com.Saviynt.Scripts.SaviyntLogin_Test  - ===============================================================
[main] INFO  com.Saviynt.Scripts.SaviyntLogin_Test  - **************************************************************
[main] INFO  com.Saviynt.Scripts.SaviyntLogin_Test  - $$$$$$$$     SaviyntLogin_Test Execution Started     $$$$$$$$
[main] INFO  com.Saviynt.Scripts.SaviyntLogin_Test  - **************************************************************
[main] INFO  com.Saviynt.Scripts.SaviyntLogin_Test  - App Url Navigated
[main] INFO  com.Saviynt.Scripts.SaviyntLogin_Test  - $$$$$$$$$$$      SaviyntLogin_Test Execution Completed       $$$$$$$$$$$$$
[main] INFO  com.Saviynt.Scripts.SaviyntLogin_Test  - ===============================================================
[main] INFO  com.Saviynt.Scripts.SaviyntLogin_Test  - **************************************************************
[main] INFO  com.Saviynt.Scripts.SaviyntLogin_Test  - $$$$$$$$     SaviyntLogin_Test Execution Started     $$$$$$$$
[main] INFO  com.Saviynt.Scripts.SaviyntLogin_Test  - **************************************************************
[main] INFO  com.Saviynt.Scripts.SaviyntLogin_Test  - App Url Navigated
[main] INFO  com.Saviynt.Scripts.SaviyntLogin_Test  - $$$$$$$$$$$      SaviyntLogin_Test Execution Completed       $$$$$$$$$$$$$
[main] INFO  com.Saviynt.Scripts.SaviyntLogin_Test  - ===============================================================
[main] INFO  com.Saviynt.Scripts.SaviyntLogin_Test  - **************************************************************
[main] INFO  com.Saviynt.Scripts.SaviyntLogin_Test  - $$$$$$$$     SaviyntLogin_Test Execution Started     $$$$$$$$
[main] INFO  com.Saviynt.Scripts.SaviyntLogin_Test  - **************************************************************
[main] INFO  com.Saviynt.Scripts.SaviyntLogin_Test  - App Url Navigated
[main] INFO  com.Saviynt.Scripts.SaviyntLogin_Test  - $$$$$$$$$$$      SaviyntLogin_Test Execution Completed       $$$$$$$$$$$$$
[main] INFO  com.Saviynt.Scripts.SaviyntLogin_Test  - ===============================================================
